<?xml version="1.0" encoding="UTF-8"?>
<coverage generated="1640051915739" clover="3.2.0">
  <project timestamp="1640051915740" name="All files">
    <metrics statements="71" coveredstatements="61" conditionals="15" coveredconditionals="9" methods="20" coveredmethods="16" elements="106" coveredelements="86" complexity="0" loc="71" ncloc="71" packages="4" files="5" classes="5"/>
    <package name="controllers">
      <metrics statements="16" coveredstatements="16" conditionals="0" coveredconditionals="0" methods="6" coveredmethods="6"/>
      <file name="user.js" path="/Users/awintsch/Development/gdx-agreements-tracker/backend/src/controllers/user.js">
        <metrics statements="16" coveredstatements="16" conditionals="0" coveredconditionals="0" methods="6" coveredmethods="6"/>
        <line num="2" count="4" type="stmt"/>
        <line num="26" count="4" type="stmt"/>
        <line num="27" count="2" type="stmt"/>
        <line num="36" count="4" type="stmt"/>
        <line num="37" count="2" type="stmt"/>
        <line num="38" count="3" type="stmt"/>
        <line num="39" count="2" type="stmt"/>
        <line num="48" count="4" type="stmt"/>
        <line num="49" count="1" type="stmt"/>
        <line num="54" count="1" type="stmt"/>
        <line num="63" count="4" type="stmt"/>
        <line num="64" count="1" type="stmt"/>
        <line num="69" count="1" type="stmt"/>
        <line num="78" count="4" type="stmt"/>
        <line num="79" count="1" type="stmt"/>
        <line num="82" count="4" type="stmt"/>
      </file>
    </package>
    <package name="helpers">
      <metrics statements="45" coveredstatements="35" conditionals="15" coveredconditionals="9" methods="12" coveredmethods="8"/>
      <file name="auth.js" path="/Users/awintsch/Development/gdx-agreements-tracker/backend/src/helpers/auth.js">
        <metrics statements="22" coveredstatements="14" conditionals="13" coveredconditionals="7" methods="5" coveredmethods="3"/>
        <line num="1" count="3" type="stmt"/>
        <line num="2" count="3" type="stmt"/>
        <line num="10" count="3" type="stmt"/>
        <line num="11" count="4" type="stmt"/>
        <line num="13" count="4" type="cond" truecount="4" falsecount="0"/>
        <line num="14" count="2" type="stmt"/>
        <line num="16" count="2" type="stmt"/>
        <line num="26" count="3" type="cond" truecount="1" falsecount="0"/>
        <line num="27" count="1" type="stmt"/>
        <line num="28" count="1" type="stmt"/>
        <line num="29" count="1" type="stmt"/>
        <line num="38" count="1" type="cond" truecount="2" falsecount="2"/>
        <line num="39" count="0" type="stmt"/>
        <line num="42" count="0" type="stmt"/>
        <line num="43" count="0" type="cond" truecount="0" falsecount="2"/>
        <line num="44" count="0" type="stmt"/>
        <line num="47" count="0" type="stmt"/>
        <line num="48" count="0" type="cond" truecount="0" falsecount="2"/>
        <line num="49" count="0" type="stmt"/>
        <line num="52" count="0" type="stmt"/>
        <line num="58" count="1" type="stmt"/>
        <line num="63" count="3" type="stmt"/>
      </file>
      <file name="config.js" path="/Users/awintsch/Development/gdx-agreements-tracker/backend/src/helpers/config.js">
        <metrics statements="23" coveredstatements="21" conditionals="2" coveredconditionals="2" methods="7" coveredmethods="5"/>
        <line num="1" count="3" type="stmt"/>
        <line num="2" count="3" type="stmt"/>
        <line num="3" count="3" type="stmt"/>
        <line num="4" count="3" type="stmt"/>
        <line num="5" count="3" type="stmt"/>
        <line num="6" count="3" type="stmt"/>
        <line num="7" count="3" type="stmt"/>
        <line num="24" count="3" type="stmt"/>
        <line num="25" count="5" type="stmt"/>
        <line num="26" count="5" type="stmt"/>
        <line num="27" count="5" type="stmt"/>
        <line num="28" count="5" type="cond" truecount="2" falsecount="0"/>
        <line num="29" count="3" type="stmt"/>
        <line num="30" count="2" type="stmt"/>
        <line num="31" count="1" type="stmt"/>
        <line num="33" count="2" type="stmt"/>
        <line num="40" count="5" type="stmt"/>
        <line num="45" count="5" type="stmt"/>
        <line num="49" count="0" type="stmt"/>
        <line num="53" count="5" type="stmt"/>
        <line num="57" count="0" type="stmt"/>
        <line num="62" count="5" type="stmt"/>
        <line num="65" count="3" type="stmt"/>
      </file>
    </package>
    <package name="routes">
      <metrics statements="8" coveredstatements="8" conditionals="0" coveredconditionals="0" methods="2" coveredmethods="2"/>
      <file name="user.js" path="/Users/awintsch/Development/gdx-agreements-tracker/backend/src/routes/user.js">
        <metrics statements="8" coveredstatements="8" conditionals="0" coveredconditionals="0" methods="2" coveredmethods="2"/>
        <line num="1" count="3" type="stmt"/>
        <line num="2" count="3" type="stmt"/>
        <line num="3" count="3" type="stmt"/>
        <line num="5" count="3" type="stmt"/>
        <line num="34" count="3" type="stmt"/>
        <line num="36" count="25" type="stmt"/>
        <line num="37" count="5" type="stmt"/>
        <line num="40" count="3" type="stmt"/>
      </file>
    </package>
    <package name="validators">
      <metrics statements="2" coveredstatements="2" conditionals="0" coveredconditionals="0" methods="0" coveredmethods="0"/>
      <file name="user.js" path="/Users/awintsch/Development/gdx-agreements-tracker/backend/src/validators/user.js">
        <metrics statements="2" coveredstatements="2" conditionals="0" coveredconditionals="0" methods="0" coveredmethods="0"/>
        <line num="1" count="3" type="stmt"/>
        <line num="18" count="3" type="stmt"/>
      </file>
    </package>
  </project>
</coverage>
