{"/Users/awintsch/Development/gdx-agreements-tracker/backend/src/controllers/user.js": {"path":"/Users/awintsch/Development/gdx-agreements-tracker/backend/src/controllers/user.js","statementMap":{"0":{"start":{"line":2,"column":14},"end":{"line":19,"column":1}},"1":{"start":{"line":26,"column":15},"end":{"line":28,"column":1}},"2":{"start":{"line":27,"column":4},"end":{"line":27,"column":17}},"3":{"start":{"line":36,"column":16},"end":{"line":40,"column":1}},"4":{"start":{"line":37,"column":15},"end":{"line":37,"column":36}},"5":{"start":{"line":38,"column":17},"end":{"line":38,"column":51}},"6":{"start":{"line":38,"column":36},"end":{"line":38,"column":50}},"7":{"start":{"line":39,"column":4},"end":{"line":39,"column":16}},"8":{"start":{"line":48,"column":16},"end":{"line":55,"column":1}},"9":{"start":{"line":49,"column":20},"end":{"line":52,"column":5}},"10":{"start":{"line":54,"column":4},"end":{"line":54,"column":19}},"11":{"start":{"line":63,"column":19},"end":{"line":70,"column":1}},"12":{"start":{"line":64,"column":24},"end":{"line":67,"column":5}},"13":{"start":{"line":69,"column":4},"end":{"line":69,"column":23}},"14":{"start":{"line":78,"column":19},"end":{"line":80,"column":1}},"15":{"start":{"line":79,"column":4},"end":{"line":79,"column":64}},"16":{"start":{"line":82,"column":0},"end":{"line":88,"column":1}}},"fnMap":{"0":{"name":"(anonymous_0)","decl":{"start":{"line":26,"column":15},"end":{"line":26,"column":16}},"loc":{"start":{"line":26,"column":27},"end":{"line":28,"column":1}},"line":26},"1":{"name":"(anonymous_1)","decl":{"start":{"line":36,"column":16},"end":{"line":36,"column":17}},"loc":{"start":{"line":36,"column":31},"end":{"line":40,"column":1}},"line":36},"2":{"name":"(anonymous_2)","decl":{"start":{"line":38,"column":28},"end":{"line":38,"column":29}},"loc":{"start":{"line":38,"column":36},"end":{"line":38,"column":50}},"line":38},"3":{"name":"(anonymous_3)","decl":{"start":{"line":48,"column":16},"end":{"line":48,"column":17}},"loc":{"start":{"line":48,"column":31},"end":{"line":55,"column":1}},"line":48},"4":{"name":"(anonymous_4)","decl":{"start":{"line":63,"column":19},"end":{"line":63,"column":20}},"loc":{"start":{"line":63,"column":34},"end":{"line":70,"column":1}},"line":63},"5":{"name":"(anonymous_5)","decl":{"start":{"line":78,"column":19},"end":{"line":78,"column":20}},"loc":{"start":{"line":78,"column":34},"end":{"line":80,"column":1}},"line":78}},"branchMap":{},"s":{"0":4,"1":4,"2":2,"3":4,"4":2,"5":2,"6":3,"7":2,"8":4,"9":1,"10":1,"11":4,"12":1,"13":1,"14":4,"15":1,"16":4},"f":{"0":2,"1":2,"2":3,"3":1,"4":1,"5":1},"b":{},"_coverageSchema":"1a1c01bbd47fc00a2c39e90264f33305004495a9","hash":"6a887d5830c5c6849c83d81887e23d81abbbfaf5"}
,"/Users/awintsch/Development/gdx-agreements-tracker/backend/src/helpers/auth.js": {"path":"/Users/awintsch/Development/gdx-agreements-tracker/backend/src/helpers/auth.js","statementMap":{"0":{"start":{"line":1,"column":19},"end":{"line":1,"column":41}},"1":{"start":{"line":2,"column":12},"end":{"line":2,"column":35}},"2":{"start":{"line":10,"column":34},"end":{"line":18,"column":1}},"3":{"start":{"line":11,"column":23},"end":{"line":11,"column":50}},"4":{"start":{"line":13,"column":4},"end":{"line":17,"column":5}},"5":{"start":{"line":14,"column":8},"end":{"line":14,"column":40}},"6":{"start":{"line":16,"column":8},"end":{"line":16,"column":21}},"7":{"start":{"line":26,"column":20},"end":{"line":61,"column":1}},"8":{"start":{"line":27,"column":4},"end":{"line":60,"column":7}},"9":{"start":{"line":28,"column":29},"end":{"line":28,"column":66}},"10":{"start":{"line":29,"column":23},"end":{"line":32,"column":10}},"11":{"start":{"line":38,"column":8},"end":{"line":59,"column":9}},"12":{"start":{"line":39,"column":24},"end":{"line":39,"column":47}},"13":{"start":{"line":42,"column":12},"end":{"line":56,"column":15}},"14":{"start":{"line":43,"column":16},"end":{"line":55,"column":17}},"15":{"start":{"line":44,"column":20},"end":{"line":44,"column":67}},"16":{"start":{"line":47,"column":20},"end":{"line":54,"column":23}},"17":{"start":{"line":48,"column":24},"end":{"line":53,"column":25}},"18":{"start":{"line":49,"column":28},"end":{"line":49,"column":79}},"19":{"start":{"line":52,"column":28},"end":{"line":52,"column":42}},"20":{"start":{"line":58,"column":12},"end":{"line":58,"column":66}},"21":{"start":{"line":63,"column":0},"end":{"line":66,"column":1}}},"fnMap":{"0":{"name":"(anonymous_0)","decl":{"start":{"line":10,"column":34},"end":{"line":10,"column":35}},"loc":{"start":{"line":10,"column":43},"end":{"line":18,"column":1}},"line":10},"1":{"name":"(anonymous_1)","decl":{"start":{"line":26,"column":20},"end":{"line":26,"column":21}},"loc":{"start":{"line":26,"column":47},"end":{"line":61,"column":1}},"line":26},"2":{"name":"(anonymous_2)","decl":{"start":{"line":27,"column":23},"end":{"line":27,"column":24}},"loc":{"start":{"line":27,"column":44},"end":{"line":60,"column":5}},"line":27},"3":{"name":"(anonymous_3)","decl":{"start":{"line":42,"column":38},"end":{"line":42,"column":39}},"loc":{"start":{"line":42,"column":52},"end":{"line":56,"column":13}},"line":42},"4":{"name":"(anonymous_4)","decl":{"start":{"line":47,"column":53},"end":{"line":47,"column":54}},"loc":{"start":{"line":47,"column":76},"end":{"line":54,"column":21}},"line":47}},"branchMap":{"0":{"loc":{"start":{"line":13,"column":4},"end":{"line":17,"column":5}},"type":"if","locations":[{"start":{"line":13,"column":4},"end":{"line":17,"column":5}},{"start":{"line":15,"column":11},"end":{"line":17,"column":5}}],"line":13},"1":{"loc":{"start":{"line":13,"column":8},"end":{"line":13,"column":56}},"type":"binary-expr","locations":[{"start":{"line":13,"column":8},"end":{"line":13,"column":18}},{"start":{"line":13,"column":22},"end":{"line":13,"column":56}}],"line":13},"2":{"loc":{"start":{"line":26,"column":28},"end":{"line":26,"column":42}},"type":"default-arg","locations":[{"start":{"line":26,"column":38},"end":{"line":26,"column":42}}],"line":26},"3":{"loc":{"start":{"line":38,"column":8},"end":{"line":59,"column":9}},"type":"if","locations":[{"start":{"line":38,"column":8},"end":{"line":59,"column":9}},{"start":{"line":57,"column":15},"end":{"line":59,"column":9}}],"line":38},"4":{"loc":{"start":{"line":38,"column":12},"end":{"line":38,"column":61}},"type":"binary-expr","locations":[{"start":{"line":38,"column":12},"end":{"line":38,"column":32}},{"start":{"line":38,"column":36},"end":{"line":38,"column":61}}],"line":38},"5":{"loc":{"start":{"line":43,"column":16},"end":{"line":55,"column":17}},"type":"if","locations":[{"start":{"line":43,"column":16},"end":{"line":55,"column":17}},{"start":{"line":45,"column":23},"end":{"line":55,"column":17}}],"line":43},"6":{"loc":{"start":{"line":48,"column":24},"end":{"line":53,"column":25}},"type":"if","locations":[{"start":{"line":48,"column":24},"end":{"line":53,"column":25}},{"start":{"line":50,"column":31},"end":{"line":53,"column":25}}],"line":48}},"s":{"0":3,"1":3,"2":3,"3":4,"4":4,"5":2,"6":2,"7":3,"8":1,"9":1,"10":1,"11":1,"12":0,"13":0,"14":0,"15":0,"16":0,"17":0,"18":0,"19":0,"20":1,"21":3},"f":{"0":4,"1":1,"2":1,"3":0,"4":0},"b":{"0":[2,2],"1":[4,2],"2":[1],"3":[0,1],"4":[1,0],"5":[0,0],"6":[0,0]},"_coverageSchema":"1a1c01bbd47fc00a2c39e90264f33305004495a9","hash":"8ab2cb40cc9f679fbd0e78308341a7b7ad477235"}
,"/Users/awintsch/Development/gdx-agreements-tracker/backend/src/helpers/config.js": {"path":"/Users/awintsch/Development/gdx-agreements-tracker/backend/src/helpers/config.js","statementMap":{"0":{"start":{"line":1,"column":0},"end":{"line":1,"column":46}},"1":{"start":{"line":2,"column":19},"end":{"line":2,"column":44}},"2":{"start":{"line":3,"column":51},"end":{"line":3,"column":68}},"3":{"start":{"line":4,"column":16},"end":{"line":4,"column":35}},"4":{"start":{"line":5,"column":16},"end":{"line":5,"column":34}},"5":{"start":{"line":6,"column":20},"end":{"line":6,"column":43}},"6":{"start":{"line":7,"column":20},"end":{"line":7,"column":43}},"7":{"start":{"line":24,"column":22},"end":{"line":63,"column":1}},"8":{"start":{"line":25,"column":16},"end":{"line":25,"column":32}},"9":{"start":{"line":26,"column":4},"end":{"line":60,"column":6}},"10":{"start":{"line":27,"column":26},"end":{"line":27,"column":56}},"11":{"start":{"line":28,"column":12},"end":{"line":34,"column":13}},"12":{"start":{"line":29,"column":16},"end":{"line":31,"column":47}},"13":{"start":{"line":30,"column":32},"end":{"line":30,"column":38}},"14":{"start":{"line":31,"column":36},"end":{"line":31,"column":45}},"15":{"start":{"line":33,"column":16},"end":{"line":33,"column":70}},"16":{"start":{"line":40,"column":12},"end":{"line":42,"column":16}},"17":{"start":{"line":45,"column":12},"end":{"line":51,"column":15}},"18":{"start":{"line":49,"column":20},"end":{"line":49,"column":45}},"19":{"start":{"line":53,"column":12},"end":{"line":59,"column":15}},"20":{"start":{"line":57,"column":16},"end":{"line":57,"column":41}},"21":{"start":{"line":62,"column":4},"end":{"line":62,"column":15}},"22":{"start":{"line":65,"column":0},"end":{"line":65,"column":30}}},"fnMap":{"0":{"name":"(anonymous_0)","decl":{"start":{"line":24,"column":22},"end":{"line":24,"column":23}},"loc":{"start":{"line":24,"column":35},"end":{"line":63,"column":1}},"line":24},"1":{"name":"(anonymous_1)","decl":{"start":{"line":26,"column":30},"end":{"line":26,"column":31}},"loc":{"start":{"line":26,"column":50},"end":{"line":35,"column":9}},"line":26},"2":{"name":"(anonymous_2)","decl":{"start":{"line":30,"column":26},"end":{"line":30,"column":27}},"loc":{"start":{"line":30,"column":32},"end":{"line":30,"column":38}},"line":30},"3":{"name":"(anonymous_3)","decl":{"start":{"line":31,"column":27},"end":{"line":31,"column":28}},"loc":{"start":{"line":31,"column":36},"end":{"line":31,"column":45}},"line":31},"4":{"name":"(anonymous_4)","decl":{"start":{"line":39,"column":15},"end":{"line":39,"column":16}},"loc":{"start":{"line":39,"column":21},"end":{"line":60,"column":5}},"line":39},"5":{"name":"(anonymous_5)","decl":{"start":{"line":48,"column":25},"end":{"line":48,"column":26}},"loc":{"start":{"line":48,"column":37},"end":{"line":50,"column":17}},"line":48},"6":{"name":"(anonymous_6)","decl":{"start":{"line":56,"column":25},"end":{"line":56,"column":26}},"loc":{"start":{"line":56,"column":37},"end":{"line":58,"column":17}},"line":56}},"branchMap":{"0":{"loc":{"start":{"line":28,"column":12},"end":{"line":34,"column":13}},"type":"if","locations":[{"start":{"line":28,"column":12},"end":{"line":34,"column":13}},{"start":{"line":32,"column":19},"end":{"line":34,"column":13}}],"line":28}},"s":{"0":3,"1":3,"2":3,"3":3,"4":3,"5":3,"6":3,"7":3,"8":5,"9":5,"10":5,"11":5,"12":3,"13":2,"14":1,"15":2,"16":5,"17":5,"18":0,"19":5,"20":0,"21":5,"22":3},"f":{"0":5,"1":5,"2":2,"3":1,"4":5,"5":0,"6":0},"b":{"0":[3,2]},"_coverageSchema":"1a1c01bbd47fc00a2c39e90264f33305004495a9","hash":"2141603260f5ee86ee336c56bfe9083df61b35b4"}
,"/Users/awintsch/Development/gdx-agreements-tracker/backend/src/routes/user.js": {"path":"/Users/awintsch/Development/gdx-agreements-tracker/backend/src/routes/user.js","statementMap":{"0":{"start":{"line":1,"column":16},"end":{"line":1,"column":34}},"1":{"start":{"line":2,"column":23},"end":{"line":2,"column":53}},"2":{"start":{"line":3,"column":23},"end":{"line":3,"column":52}},"3":{"start":{"line":5,"column":15},"end":{"line":32,"column":1}},"4":{"start":{"line":34,"column":19},"end":{"line":38,"column":1}},"5":{"start":{"line":36,"column":4},"end":{"line":36,"column":50}},"6":{"start":{"line":36,"column":28},"end":{"line":36,"column":48}},"7":{"start":{"line":37,"column":4},"end":{"line":37,"column":11}},"8":{"start":{"line":40,"column":0},"end":{"line":40,"column":28}}},"fnMap":{"0":{"name":"(anonymous_0)","decl":{"start":{"line":34,"column":19},"end":{"line":34,"column":20}},"loc":{"start":{"line":34,"column":47},"end":{"line":38,"column":1}},"line":34},"1":{"name":"(anonymous_1)","decl":{"start":{"line":36,"column":19},"end":{"line":36,"column":20}},"loc":{"start":{"line":36,"column":28},"end":{"line":36,"column":48}},"line":36}},"branchMap":{},"s":{"0":3,"1":3,"2":3,"3":3,"4":3,"5":5,"6":25,"7":5,"8":3},"f":{"0":5,"1":25},"b":{},"_coverageSchema":"1a1c01bbd47fc00a2c39e90264f33305004495a9","hash":"a3fa6deeb21a740755cbdb237761d8663625163e"}
,"/Users/awintsch/Development/gdx-agreements-tracker/backend/src/validators/user.js": {"path":"/Users/awintsch/Development/gdx-agreements-tracker/backend/src/validators/user.js","statementMap":{"0":{"start":{"line":1,"column":25},"end":{"line":16,"column":1}},"1":{"start":{"line":18,"column":0},"end":{"line":20,"column":1}}},"fnMap":{},"branchMap":{},"s":{"0":3,"1":3},"f":{},"b":{},"_coverageSchema":"1a1c01bbd47fc00a2c39e90264f33305004495a9","hash":"c67469431f4a99253cc207d6fe44df6fa19724a2"}
}
