TN:
SF:src/controllers/user.js
FN:26,(anonymous_0)
FN:36,(anonymous_1)
FN:38,(anonymous_2)
FN:48,(anonymous_3)
FN:63,(anonymous_4)
FN:78,(anonymous_5)
FNF:6
FNH:6
FNDA:2,(anonymous_0)
FNDA:2,(anonymous_1)
FNDA:3,(anonymous_2)
FNDA:1,(anonymous_3)
FNDA:1,(anonymous_4)
FNDA:1,(anonymous_5)
DA:2,4
DA:26,4
DA:27,2
DA:36,4
DA:37,2
DA:38,3
DA:39,2
DA:48,4
DA:49,1
DA:54,1
DA:63,4
DA:64,1
DA:69,1
DA:78,4
DA:79,1
DA:82,4
LF:16
LH:16
BRF:0
BRH:0
end_of_record
TN:
SF:src/helpers/auth.js
FN:10,(anonymous_0)
FN:26,(anonymous_1)
FN:27,(anonymous_2)
FN:42,(anonymous_3)
FN:47,(anonymous_4)
FNF:5
FNH:3
FNDA:4,(anonymous_0)
FNDA:1,(anonymous_1)
FNDA:1,(anonymous_2)
FNDA:0,(anonymous_3)
FNDA:0,(anonymous_4)
DA:1,3
DA:2,3
DA:10,3
DA:11,4
DA:13,4
DA:14,2
DA:16,2
DA:26,3
DA:27,1
DA:28,1
DA:29,1
DA:38,1
DA:39,0
DA:42,0
DA:43,0
DA:44,0
DA:47,0
DA:48,0
DA:49,0
DA:52,0
DA:58,1
DA:63,3
LF:22
LH:14
BRDA:13,0,0,2
BRDA:13,0,1,2
BRDA:13,1,0,4
BRDA:13,1,1,2
BRDA:26,2,0,1
BRDA:38,3,0,0
BRDA:38,3,1,1
BRDA:38,4,0,1
BRDA:38,4,1,0
BRDA:43,5,0,0
BRDA:43,5,1,0
BRDA:48,6,0,0
BRDA:48,6,1,0
BRF:13
BRH:7
end_of_record
TN:
SF:src/helpers/config.js
FN:24,(anonymous_0)
FN:26,(anonymous_1)
FN:30,(anonymous_2)
FN:31,(anonymous_3)
FN:39,(anonymous_4)
FN:48,(anonymous_5)
FN:56,(anonymous_6)
FNF:7
FNH:5
FNDA:5,(anonymous_0)
FNDA:5,(anonymous_1)
FNDA:2,(anonymous_2)
FNDA:1,(anonymous_3)
FNDA:5,(anonymous_4)
FNDA:0,(anonymous_5)
FNDA:0,(anonymous_6)
DA:1,3
DA:2,3
DA:3,3
DA:4,3
DA:5,3
DA:6,3
DA:7,3
DA:24,3
DA:25,5
DA:26,5
DA:27,5
DA:28,5
DA:29,3
DA:30,2
DA:31,1
DA:33,2
DA:40,5
DA:45,5
DA:49,0
DA:53,5
DA:57,0
DA:62,5
DA:65,3
LF:23
LH:21
BRDA:28,0,0,3
BRDA:28,0,1,2
BRF:2
BRH:2
end_of_record
TN:
SF:src/routes/user.js
FN:34,(anonymous_0)
FN:36,(anonymous_1)
FNF:2
FNH:2
FNDA:5,(anonymous_0)
FNDA:25,(anonymous_1)
DA:1,3
DA:2,3
DA:3,3
DA:5,3
DA:34,3
DA:36,25
DA:37,5
DA:40,3
LF:8
LH:8
BRF:0
BRH:0
end_of_record
TN:
SF:src/validators/user.js
FNF:0
FNH:0
DA:1,3
DA:18,3
LF:2
LH:2
BRF:0
BRH:0
end_of_record
